<?xml version="1.0" encoding="UTF-8"?>
<!-- Generated by org.testng.reporters.JUnitXMLReporter -->
<testsuite ignored="1" hostname="Varsha-PC" failures="1" tests="1" name="Default test(failed)(failed)" time="0.054" errors="0" timestamp="27 Feb 2020 23:46:18 GMT">
  <testcase classname="seleniumclasses.RetryFailedTestcases" name="failTest" time="0.014">
    <failure type="java.lang.ArithmeticException" message="/ by zero">
      <![CDATA[java.lang.ArithmeticException: / by zero
at seleniumclasses.RetryFailedTestcases.failTest(RetryFailedTestcases.java:12)
... Removed 25 stack frames]]>
    </failure>
  </testcase> <!-- failTest -->
  <testcase classname="seleniumclasses.RetryFailedTestcases" name="passTest" time="0.0">
    <ignored/>
  </testcase> <!-- passTest -->
</testsuite> <!-- Default test(failed)(failed) -->
