<?xml version="1.0" encoding="UTF-8"?>
<!-- Generated by org.testng.reporters.JUnitXMLReporter -->
<testsuite ignored="0" hostname="Varsha-PC" failures="0" tests="6" name="Test" time="15.008" errors="0" timestamp="2021-09-09T19:48:15 IST">
  <testcase classname="testng_classes.ParllelExecution" name="googleTest" time="13.46"/>
  <testcase classname="testng_classes.ParllelExecution2" name="googleTest2" time="14.121"/>
  <testcase classname="testng_classes.ParllelExecution" name="googleTest1" time="14.318"/>
  <testcase classname="testng_classes.ParllelExecution" name="googleTest2" time="14.49"/>
  <testcase classname="testng_classes.ParllelExecution2" name="googleTest1" time="14.534"/>
  <testcase classname="testng_classes.ParllelExecution2" name="googleTest" time="14.951"/>
</testsuite> <!-- Test -->
