<?xml version="1.0" encoding="UTF-8"?>
<!-- Generated by org.testng.reporters.JUnitXMLReporter -->
<testsuite ignored="0" hostname="Varsha-PC" failures="0" tests="4" name="TestDemo" time="0.07" errors="0" timestamp="26 Feb 2020 23:59:57 GMT">
  <testcase classname="testng.TestAttributes" name="testMethod2" time="0.017"/>
  <testcase classname="testng.TestAttributes" name="testMethod1" time="0.003"/>
  <testcase classname="testng.Introduction" name="myMethod" time="0.001"/>
  <testcase classname="testng.Introduction" name="myMethod1" time="0.002"/>
</testsuite> <!-- TestDemo -->
